Arguments: 
  C:\Program Files\nodejs\node.exe C:\Users\FANGPLAY\AppData\Roaming\npm\node_modules\yarn\bin\yarn.js install

PATH: 
  c:\program files (x86)\common files\oracle\java\javapath;c:\windows\system32;c:\windows;c:\windows\system32\wbem;c:\windows\system32\windowspowershell\v1.0\;c:\windows\system32\openssh\;c:\programdata\chocolatey\bin;c:\program files\git\cmd;C:\WINDOWS\system32;C:\WINDOWS;C:\WINDOWS\System32\Wbem;C:\WINDOWS\System32\WindowsPowerShell\v1.0\;C:\WINDOWS\System32\OpenSSH\;C:\xampp\php;C:\MinGW\bin;C:\Program Files\dotnet\;C:\Program Files\Condusiv Technologies\ExpressCache\;C:\Program Files\Git\cmd;C:\Users\FANGPLAY\AppData\Local\Programs\Python\Python311;C:\ProgramData\ComposerSetup\bin;C:\Program Files\Docker\Docker\resources\bin;C:\ProgramData\DockerDesktop\version-bin;C:\Program Files\Java\jdk-19\bin;C:\Program Files\apache-maven-3.8.7\bin;C:\xampp\php\zend-bin;C:\Users\FANGPLAY\AppData\Local\Programs\Python\Python311\Scripts;C:\Program Files\nodejs\;c:\program files (x86)\common files\oracle\java\javapath;c:\windows\system32;c:\windows;c:\windows\system32\wbem;c:\windows\system32\windowspowershell\v1.0\;c:\windows\system32\openssh\;c:\programdata\chocolatey\bin;c:\program files\git\cmd;C:\WINDOWS\system32;C:\WINDOWS;C:\WINDOWS\System32\Wbem;C:\WINDOWS\System32\WindowsPowerShell\v1.0\;C:\WINDOWS\System32\OpenSSH\;C:\xampp\php;C:\MinGW\bin;C:\Program Files\dotnet\;C:\Program Files\Condusiv Technologies\ExpressCache\;C:\Program Files\Git\cmd;C:\Users\FANGPLAY\AppData\Local\Programs\Python\Python311;C:\ProgramData\ComposerSetup\bin;C:\Program Files\Docker\Docker\resources\bin;C:\ProgramData\DockerDesktop\version-bin;C:\Program Files\Java\jdk-19\bin;C:\Program Files\apache-maven-3.8.7\bin;C:\xampp\php\zend-bin;C:\Users\FANGPLAY\AppData\Local\Programs\Python\Python311\Scripts;C:\Program Files\nodejs\;d:\back-end-dev\qa-tester-java\qa-tester-java\ref-lib;C:\Users\FANGPLAY\AppData\Roaming\Composer\vendor\bin;C:\Users\FANGPLAY\AppData\Roaming\npm

Yarn version: 
  1.22.19

Node version: 
  18.14.0

Platform: 
  win32 x64

Trace: 
  Error: https://registry.yarnpkg.com/date-fns/-/date-fns-2.29.3.tgz: ESOCKETTIMEDOUT
      at ClientRequest.<anonymous> (C:\Users\FANGPLAY\AppData\Roaming\npm\node_modules\yarn\lib\cli.js:141517:19)
      at Object.onceWrapper (node:events:627:28)
      at ClientRequest.emit (node:events:513:28)
      at TLSSocket.emitRequestTimeout (node:_http_client:848:9)
      at Object.onceWrapper (node:events:627:28)
      at TLSSocket.emit (node:events:525:35)
      at Socket._onTimeout (node:net:570:8)
      at listOnTimeout (node:internal/timers:569:17)
      at process.processTimers (node:internal/timers:512:7)

npm manifest: 
  {
    "name": "test-app",
    "version": "1.0.0",
    "description": "api backend & frontend projects",
    "exports": "./index.js",
    "scripts": {
      "client": "npm run start --prefix front-client",
      "server": "nodemon index.js",
      "dev": "concurrently --kill-others-on-fail \"npm run server\" \"npm run client\"",
      "start": "node index.js"
    },
    "keywords": [],
    "author": "FANGPLAY Sirirak",
    "license": "ISC",
    "dependencies": {
      "@liang610/lowdb-file-sync": "^0.1.2",
      "body-parser": "^1.20.1",
      "chalk": "^5.2.0",
      "cookie-parser": "^1.4.6",
      "cors": "^2.8.5",
      "env-cmd": "^10.1.0",
      "express": "^4.18.2",
      "FileSync": "^1.0.1",
      "fix-esm": "^1.0.1",
      "lowdb": "^5.1.0",
      "multiformats": "^9.9.0",
      "nanoid": "^4.0.1",
      "node-fetch": "^2.6.9"
    },
    "devDependencies": {
      "concurrently": "^7.6.0",
      "nodemon": "^2.0.20"
    }
  }

yarn manifest: 
  No manifest

Lockfile: 
  No lockfile
